Loading verilog file '/home/ecelrc/students/xliu4/Highspeed/axa3_7'
Warning: Ignored 'specify' construct
	at line 9 in '/home/ecelrc/students/xliu4/Highspeed/axa3_7'. (SVR-24)
Warning: Ignored 'specify' construct
	at line 38 in '/home/ecelrc/students/xliu4/Highspeed/axa3_7'. (SVR-24)
Warning: Ignored 'specify' construct
	at line 60 in '/home/ecelrc/students/xliu4/Highspeed/axa3_7'. (SVR-24)
Warning: Ignored 'specify' construct
	at line 83 in '/home/ecelrc/students/xliu4/Highspeed/axa3_7'. (SVR-24)
Warning: Design 'axa3_7' (file '/home/ecelrc/students/xliu4/Highspeed/axa3_7') is already registered. Remove the design before rereading. (DBR-003)
Error: Design is already linked. (DES-067)
Warning: Creating virtual clock named 'vclk' with no sources. (UITE-121)
Information: Abandoning fast timing updates. Clock network modified. (PTE-018)
Information: Invalidating logical update. (PTE-139)
****************************************
Report : timing
	-path_type full
	-delay_type max
	-max_paths 1
	-sort_by slack
Design : axa3_7
Version: O-2018.06-SP5
Date   : Fri May  1 00:02:46 2020
****************************************


  Startpoint: B[7] (input port clocked by vclk)
  Endpoint: C[15] (output port)
  Path Group: (none)
  Path Type: max

  Point                                    Incr       Path
  ---------------------------------------------------------------
  input external delay                   0.0000     0.0000 f
  B[7] (in)                              0.0000     0.0000 f
  I7/I28/I4/Y (INVX1)                    0.0089     0.0089 r
  I7/I28/I1/I0/Y (NAND3X1)               0.0165     0.0254 f
  I7/I28/I2/I0/Y (NAND3X1)               0.0506     0.0760 r
  I7/I26/I0/Y (NAND3X1)                  0.0240     0.1000 f
  I7/I11/I0/Y (NAND3X1)                  0.0722     0.1723 r
  I8/I26/I0/Y (NAND3X1)                  0.0313     0.2036 f
  I8/I11/I0/Y (NAND3X1)                  0.0713     0.2749 r
  I9/I26/I0/Y (NAND3X1)                  0.0313     0.3062 f
  I9/I11/I0/Y (NAND3X1)                  0.0713     0.3775 r
  I10/I26/I0/Y (NAND3X1)                 0.0313     0.4088 f
  I10/I11/I0/Y (NAND3X1)                 0.0713     0.4801 r
  I11/I26/I0/Y (NAND3X1)                 0.0313     0.5115 f
  I11/I11/I0/Y (NAND3X1)                 0.0713     0.5827 r
  I12/I26/I0/Y (NAND3X1)                 0.0313     0.6141 f
  I12/I11/I0/Y (NAND3X1)                 0.0713     0.6853 r
  I13/I26/I0/Y (NAND3X1)                 0.0313     0.7167 f
  I13/I11/I0/Y (NAND3X1)                 0.0713     0.7879 r
  I14/I26/I0/Y (NAND3X1)                 0.0313     0.8193 f
  I14/I11/I0/Y (NAND3X1)                 0.0713     0.8905 r
  I15/I27/I4/Y (INVX1)                   0.0434     0.9339 f
  I15/I27/I1/I0/Y (NAND3X1)              0.0451     0.9791 r
  I15/I27/I2/I0/Y (NAND3X1)              0.0199     0.9989 f
  C[15] (out)                            0.0000     0.9989 f
  data arrival time                                 0.9989
  ---------------------------------------------------------------
  (Path is unconstrained)


Warning: The hierarchical cell 'I0/M0' is an empty cell (PWR-278)
Warning: The hierarchical cell 'I0/M1' is an empty cell (PWR-278)
Warning: The hierarchical cell 'I0/M2' is an empty cell (PWR-278)
Warning: The hierarchical cell 'I0/M3' is an empty cell (PWR-278)
Warning: The hierarchical cell 'I0/M4' is an empty cell (PWR-278)
Warning: The hierarchical cell 'I0/M5' is an empty cell (PWR-278)
Warning: The hierarchical cell 'I0/M6' is an empty cell (PWR-278)
Warning: The hierarchical cell 'I1/M7' is an empty cell (PWR-278)
Warning: The hierarchical cell 'I1/M0' is an empty cell (PWR-278)
Warning: The hierarchical cell 'I1/M1' is an empty cell (PWR-278)
Warning: The hierarchical cell 'I1/M2' is an empty cell (PWR-278)
Warning: The hierarchical cell 'I1/M3' is an empty cell (PWR-278)
Warning: The hierarchical cell 'I1/M4' is an empty cell (PWR-278)
Warning: The hierarchical cell 'I1/M5' is an empty cell (PWR-278)
Warning: The hierarchical cell 'I1/M6' is an empty cell (PWR-278)
Warning: The hierarchical cell 'I2/M7' is an empty cell (PWR-278)
Warning: The hierarchical cell 'I2/M0' is an empty cell (PWR-278)
Warning: The hierarchical cell 'I2/M1' is an empty cell (PWR-278)
Warning: The hierarchical cell 'I2/M2' is an empty cell (PWR-278)
Warning: The hierarchical cell 'I2/M3' is an empty cell (PWR-278)
Warning: The hierarchical cell 'I2/M4' is an empty cell (PWR-278)
Warning: The hierarchical cell 'I2/M5' is an empty cell (PWR-278)
Warning: The hierarchical cell 'I2/M6' is an empty cell (PWR-278)
Warning: The hierarchical cell 'I3/M7' is an empty cell (PWR-278)
Warning: The hierarchical cell 'I3/M0' is an empty cell (PWR-278)
Warning: The hierarchical cell 'I3/M1' is an empty cell (PWR-278)
Warning: The hierarchical cell 'I3/M2' is an empty cell (PWR-278)
Warning: The hierarchical cell 'I3/M3' is an empty cell (PWR-278)
Warning: The hierarchical cell 'I3/M4' is an empty cell (PWR-278)
Warning: The hierarchical cell 'I3/M5' is an empty cell (PWR-278)
Warning: The hierarchical cell 'I3/M6' is an empty cell (PWR-278)
Warning: The hierarchical cell 'I4/M7' is an empty cell (PWR-278)
Warning: The hierarchical cell 'I4/M0' is an empty cell (PWR-278)
Warning: The hierarchical cell 'I4/M1' is an empty cell (PWR-278)
Warning: The hierarchical cell 'I4/M2' is an empty cell (PWR-278)
Warning: The hierarchical cell 'I4/M3' is an empty cell (PWR-278)
Warning: The hierarchical cell 'I4/M4' is an empty cell (PWR-278)
Warning: The hierarchical cell 'I4/M5' is an empty cell (PWR-278)
Warning: The hierarchical cell 'I4/M6' is an empty cell (PWR-278)
Warning: The hierarchical cell 'I5/M7' is an empty cell (PWR-278)
Warning: The hierarchical cell 'I5/M0' is an empty cell (PWR-278)
Warning: The hierarchical cell 'I5/M1' is an empty cell (PWR-278)
Warning: The hierarchical cell 'I5/M2' is an empty cell (PWR-278)
Warning: The hierarchical cell 'I5/M3' is an empty cell (PWR-278)
Warning: The hierarchical cell 'I5/M4' is an empty cell (PWR-278)
Warning: The hierarchical cell 'I5/M5' is an empty cell (PWR-278)
Warning: The hierarchical cell 'I5/M6' is an empty cell (PWR-278)
Warning: The hierarchical cell 'I6/M7' is an empty cell (PWR-278)
Warning: The hierarchical cell 'I6/M0' is an empty cell (PWR-278)
Warning: The hierarchical cell 'I6/M1' is an empty cell (PWR-278)
Warning: The hierarchical cell 'I6/M2' is an empty cell (PWR-278)
Warning: The hierarchical cell 'I6/M3' is an empty cell (PWR-278)
Warning: The hierarchical cell 'I6/M4' is an empty cell (PWR-278)
Warning: The hierarchical cell 'I6/M5' is an empty cell (PWR-278)
Warning: The hierarchical cell 'I6/M6' is an empty cell (PWR-278)
Warning: The hierarchical cell 'I0/M7' is an empty cell (PWR-278)
Warning: Neither event file or switching activity data present for power estimation. The command will propagate switching activity values for power calculation.  (PWR-246)
Information: Running switching activity propagation with 4 threads!
Information: Running averaged power analysis... (PWR-601)
Information: Running power calculation with 4 threads. (PWR-602)
****************************************
Report : Averaged Power
	-nosplit
Design : axa3_7
Version: O-2018.06-SP5
Date   : Fri May  1 00:02:46 2020
****************************************



  Attributes
  ----------
      i  -  Including register clock pin internal power
      u  -  User defined power group

                        Internal  Switching  Leakage    Total
Power Group             Power     Power      Power      Power   (     %)  Attrs
--------------------------------------------------------------------------------
clock_network              0.0000    0.0000    0.0000    0.0000 ( 0.00%)  i
register                   0.0000    0.0000    0.0000    0.0000 ( 0.00%)  
combinational           1.888e-06 2.031e-06 4.586e-07 4.378e-06 (97.35%)  
sequential                 0.0000    0.0000    0.0000    0.0000 ( 0.00%)  
memory                     0.0000    0.0000    0.0000    0.0000 ( 0.00%)  
io_pad                     0.0000    0.0000    0.0000    0.0000 ( 0.00%)  
black_box                  0.0000 1.192e-07    0.0000 1.192e-07 ( 2.65%)  

  Net Switching Power  = 2.151e-06   (47.83%)
  Cell Internal Power  = 1.888e-06   (41.97%)
  Cell Leakage Power   = 4.586e-07   (10.20%)
                         ---------
Total Power            = 4.497e-06  (100.00%)

1
1
