Error: Library Compiler executable path is not set. (PT-063)

                                 PrimeTime (R)

               Version O-2018.06-SP5 for linux64 - Jan 17, 2019 

                    Copyright (c) 1988 - 2019 Synopsys, Inc.
   This software and the associated documentation are proprietary to Synopsys,
 Inc. This software may only be used in accordance with the terms and conditions
 of a written license agreement with Synopsys, Inc. All other use, reproduction,
            or distribution of this software is strictly prohibited.
set active_design_file wallace_32.v
wallace_32.v
set active_design wallace_32 
wallace_32
read_verilog $active_design_file
1
current_design $active_design
Information: current_design won't return any data before link (DES-071)
link_design $active_design
Loading verilog file '/home/ecelrc/students/dcheng/EE_382V/HW/multiplier/results/appro_com_mul/wallace_32.v'
Loading db file '/home/ecelrc/students/sbhagia/vlsi1/lab2/gscl45nm.db'
Linking design wallace_32...
Information: Removing 166 unneeded designs..... (LNK-034)
Information: 25 (80.65%) library cells are unused in library gscl45nm..... (LNK-045)
Information: total 25 library cells are unused (LNK-046)
Design 'wallace_32' was successfully linked.
Information: There are 904 leaf cells, ports, hiers and 1793 nets in the design (LNK-047)
1
create_clock -name vclk -period 20 -waveform {0 10}
Warning: Creating virtual clock named 'vclk' with no sources. (UITE-121)
1
set_input_delay 0 -clock vclk [all_inputs]
1
set power_enable_analysis TRUE
Information: Checked out license 'PrimePower' (PT-019)
TRUE
report_timing -to [all_outputs] -significant_digits 4
Warning: Some timing arcs have been disabled for breaking timing loops or because of constant propagation. Use the 'report_disable_timing' command to get the list of these disabled timing arcs. (PTE-003)
****************************************
Report : timing
	-path_type full
	-delay_type max
	-max_paths 1
	-sort_by slack
Design : wallace_32
Version: O-2018.06-SP5
Date   : Thu Apr 30 02:14:00 2020
****************************************


  Startpoint: b[15] (input port clocked by vclk)
  Endpoint: sum[31] (output port)
  Path Group: (none)
  Path Type: max

  Point                                    Incr       Path
  ---------------------------------------------------------------
  input external delay                   0.0000     0.0000 f
  b[15] (in)                             0.0000     0.0000 f
  U332/Y (AND2X1)                        0.0424     0.0424 f
  CP_48/U1/Y (OR2X1)                     0.0493     0.0918 f
  CP_79/U1/Y (OR2X1)                     0.0580     0.1498 f
  FA_18/U6/Y (XNOR2X1)                   0.0704     0.2202 r
  FA_18/U3/Y (XOR2X1)                    0.0710     0.2912 r
  FA_39/U1/Y (AND2X1)                    0.0279     0.3191 r
  FA_39/U2/Y (INVX1)                     0.0198     0.3389 f
  FA_39/U4/Y (OAI21X1)                   0.0162     0.3551 r
  FA_40/U5/Y (INVX1)                     0.0296     0.3847 f
  FA_40/U4/Y (OAI21X1)                   0.0414     0.4261 r
  FA_41/U5/Y (INVX1)                     0.0342     0.4603 f
  FA_41/U4/Y (OAI21X1)                   0.0412     0.5015 r
  FA_42/U5/Y (INVX1)                     0.0342     0.5357 f
  FA_42/U4/Y (OAI21X1)                   0.0412     0.5769 r
  FA_43/U5/Y (INVX1)                     0.0342     0.6111 f
  FA_43/U4/Y (OAI21X1)                   0.0412     0.6523 r
  FA_44/U5/Y (INVX1)                     0.0342     0.6865 f
  FA_44/U4/Y (OAI21X1)                   0.0412     0.7277 r
  FA_45/U5/Y (INVX1)                     0.0342     0.7619 f
  FA_45/U4/Y (OAI21X1)                   0.0412     0.8031 r
  FA_46/U5/Y (INVX1)                     0.0342     0.8373 f
  FA_46/U3/Y (XOR2X1)                    0.0276     0.8649 r
  sum[31] (out)                          0.0000     0.8649 r
  data arrival time                                 0.8649
  ---------------------------------------------------------------
  (Path is unconstrained)


1
report_power -nosplit
Warning: Neither event file or switching activity data present for power estimation. The command will propagate switching activity values for power calculation.  (PWR-246)
Information: Running switching activity propagation with 4 threads!
Information: Running averaged power analysis... (PWR-601)
Information: Running power calculation with 4 threads. (PWR-602)
****************************************
Report : Averaged Power
	-nosplit
Design : wallace_32
Version: O-2018.06-SP5
Date   : Thu Apr 30 02:14:00 2020
****************************************



  Attributes
  ----------
      i  -  Including register clock pin internal power
      u  -  User defined power group

                        Internal  Switching  Leakage    Total
Power Group             Power     Power      Power      Power   (     %)  Attrs
--------------------------------------------------------------------------------
clock_network              0.0000    0.0000    0.0000    0.0000 ( 0.00%)  i
register                   0.0000    0.0000    0.0000    0.0000 ( 0.00%)  
combinational           1.533e-05 7.012e-06 1.135e-05 3.369e-05 (100.00%) 
sequential                 0.0000    0.0000    0.0000    0.0000 ( 0.00%)  
memory                     0.0000    0.0000    0.0000    0.0000 ( 0.00%)  
io_pad                     0.0000    0.0000    0.0000    0.0000 ( 0.00%)  
black_box                  0.0000    0.0000    0.0000    0.0000 ( 0.00%)  

  Net Switching Power  = 7.012e-06   (20.81%)
  Cell Internal Power  = 1.533e-05   (45.50%)
  Cell Leakage Power   = 1.135e-05   (33.69%)
                         ---------
Total Power            = 3.369e-05  (100.00%)

1
exit
Information: Defining new variable 'active_design'. (CMD-041)
Information: Defining new variable 'active_design_file'. (CMD-041)

Timing updates: 1 (1 implicit, 0 explicit) (0 incremental, 1 full, 0 logical)
Noise updates: 0 (0 implicit, 0 explicit) (0 incremental, 0 full)
Maximum memory usage for this session: 925.65 MB
CPU usage for this session: 4 seconds 
Elapsed time for this session: 4 seconds
Diagnostics summary: 1 error, 3 warnings, 10 informationals

Thank you for using pt_shell!
