Error: Library Compiler executable path is not set. (PT-063)

                                 PrimeTime (R)

               Version O-2018.06-SP5 for linux64 - Jan 17, 2019 

                    Copyright (c) 1988 - 2019 Synopsys, Inc.
   This software and the associated documentation are proprietary to Synopsys,
 Inc. This software may only be used in accordance with the terms and conditions
 of a written license agreement with Synopsys, Inc. All other use, reproduction,
            or distribution of this software is strictly prohibited.
set active_design_file wallace_acc.v
wallace_acc.v
set active_design wallace 
wallace
read_verilog $active_design_file
1
current_design $active_design
Information: current_design won't return any data before link (DES-071)
link_design $active_design
Loading verilog file '/home/ecelrc/students/dcheng/EE_382V/HW/multiplier/results/appro_com_mul/wallace_acc.v'
Loading db file '/home/ecelrc/students/sbhagia/vlsi1/lab2/gscl45nm.db'
Linking design wallace...
Information: Removing 356 unneeded designs..... (LNK-034)
Information: 26 (83.87%) library cells are unused in library gscl45nm..... (LNK-045)
Information: total 26 library cells are unused (LNK-046)
Design 'wallace' was successfully linked.
Information: There are 2139 leaf cells, ports, hiers and 3788 nets in the design (LNK-047)
1
create_clock -name vclk -period 20 -waveform {0 10}
Warning: Creating virtual clock named 'vclk' with no sources. (UITE-121)
1
set_input_delay 0 -clock vclk [all_inputs]
1
set power_enable_analysis TRUE
Information: Checked out license 'PrimePower' (PT-019)
TRUE
report_timing -to [all_outputs] -significant_digits 4
Warning: Some timing arcs have been disabled for breaking timing loops or because of constant propagation. Use the 'report_disable_timing' command to get the list of these disabled timing arcs. (PTE-003)
****************************************
Report : timing
	-path_type full
	-delay_type max
	-max_paths 1
	-sort_by slack
Design : wallace
Version: O-2018.06-SP5
Date   : Thu Apr 30 01:52:03 2020
****************************************


  Startpoint: b[1] (input port clocked by vclk)
  Endpoint: sum[31] (output port)
  Path Group: (none)
  Path Type: max

  Point                                    Incr       Path
  ---------------------------------------------------------------
  input external delay                   0.0000     0.0000 r
  b[1] (in)                              0.0000     0.0000 r
  U337/Y (AND2X1)                        0.0610     0.0610 r
  CP_4/FA_CP_1/U6/Y (XNOR2X1)            0.0741     0.1351 r
  CP_4/FA_CP_1/U3/Y (XOR2X1)             0.0710     0.2061 r
  CP_4/FA_CP_2/U6/Y (XNOR2X1)            0.0619     0.2679 r
  CP_4/FA_CP_2/U3/Y (XOR2X1)             0.0710     0.3390 r
  CP_57/FA_CP_1/U6/Y (XNOR2X1)           0.0619     0.4008 r
  CP_57/FA_CP_1/U3/Y (XOR2X1)            0.0710     0.4719 r
  CP_57/FA_CP_2/U6/Y (XNOR2X1)           0.0458     0.5177 f
  CP_57/FA_CP_2/U3/Y (XOR2X1)            0.0697     0.5874 r
  HA_18/U1/Y (XOR2X1)                    0.0711     0.6586 r
  FA_21/U6/Y (XNOR2X1)                   0.0457     0.7043 f
  FA_21/U4/Y (OAI21X1)                   0.0448     0.7491 r
  FA_22/U5/Y (INVX1)                     0.0342     0.7833 f
  FA_22/U4/Y (OAI21X1)                   0.0412     0.8245 r
  FA_23/U5/Y (INVX1)                     0.0342     0.8587 f
  FA_23/U4/Y (OAI21X1)                   0.0412     0.8999 r
  FA_24/U5/Y (INVX1)                     0.0342     0.9341 f
  FA_24/U4/Y (OAI21X1)                   0.0412     0.9753 r
  FA_25/U5/Y (INVX1)                     0.0342     1.0095 f
  FA_25/U4/Y (OAI21X1)                   0.0412     1.0507 r
  FA_26/U5/Y (INVX1)                     0.0342     1.0849 f
  FA_26/U4/Y (OAI21X1)                   0.0412     1.1261 r
  FA_27/U5/Y (INVX1)                     0.0342     1.1603 f
  FA_27/U4/Y (OAI21X1)                   0.0412     1.2015 r
  FA_28/U5/Y (INVX1)                     0.0342     1.2357 f
  FA_28/U4/Y (OAI21X1)                   0.0412     1.2769 r
  FA_29/U5/Y (INVX1)                     0.0342     1.3111 f
  FA_29/U4/Y (OAI21X1)                   0.0412     1.3523 r
  FA_30/U5/Y (INVX1)                     0.0342     1.3865 f
  FA_30/U4/Y (OAI21X1)                   0.0412     1.4276 r
  FA_31/U5/Y (INVX1)                     0.0342     1.4619 f
  FA_31/U4/Y (OAI21X1)                   0.0412     1.5030 r
  FA_32/U5/Y (INVX1)                     0.0342     1.5373 f
  FA_32/U4/Y (OAI21X1)                   0.0412     1.5784 r
  FA_33/U5/Y (INVX1)                     0.0342     1.6127 f
  FA_33/U4/Y (OAI21X1)                   0.0412     1.6538 r
  FA_34/U5/Y (INVX1)                     0.0342     1.6881 f
  FA_34/U4/Y (OAI21X1)                   0.0412     1.7292 r
  FA_35/U5/Y (INVX1)                     0.0342     1.7635 f
  FA_35/U4/Y (OAI21X1)                   0.0412     1.8046 r
  FA_36/U5/Y (INVX1)                     0.0342     1.8389 f
  FA_36/U4/Y (OAI21X1)                   0.0412     1.8800 r
  FA_37/U5/Y (INVX1)                     0.0342     1.9143 f
  FA_37/U4/Y (OAI21X1)                   0.0412     1.9554 r
  FA_38/U5/Y (INVX1)                     0.0342     1.9897 f
  FA_38/U4/Y (OAI21X1)                   0.0412     2.0308 r
  FA_39/U5/Y (INVX1)                     0.0342     2.0651 f
  FA_39/U4/Y (OAI21X1)                   0.0412     2.1062 r
  FA_40/U5/Y (INVX1)                     0.0342     2.1405 f
  FA_40/U4/Y (OAI21X1)                   0.0412     2.1816 r
  FA_41/U5/Y (INVX1)                     0.0342     2.2159 f
  FA_41/U4/Y (OAI21X1)                   0.0412     2.2570 r
  FA_42/U5/Y (INVX1)                     0.0342     2.2913 f
  FA_42/U4/Y (OAI21X1)                   0.0412     2.3324 r
  FA_43/U5/Y (INVX1)                     0.0342     2.3667 f
  FA_43/U4/Y (OAI21X1)                   0.0412     2.4078 r
  FA_44/U5/Y (INVX1)                     0.0342     2.4421 f
  FA_44/U4/Y (OAI21X1)                   0.0412     2.4832 r
  FA_45/U5/Y (INVX1)                     0.0342     2.5175 f
  FA_45/U4/Y (OAI21X1)                   0.0412     2.5586 r
  FA_46/U5/Y (INVX1)                     0.0342     2.5929 f
  FA_46/U3/Y (XOR2X1)                    0.0276     2.6205 r
  sum[31] (out)                          0.0000     2.6205 r
  data arrival time                                 2.6205
  ---------------------------------------------------------------
  (Path is unconstrained)


1
report_power -nosplit
Warning: Neither event file or switching activity data present for power estimation. The command will propagate switching activity values for power calculation.  (PWR-246)
Information: Running switching activity propagation with 4 threads!
Information: Running averaged power analysis... (PWR-601)
Information: Running power calculation with 4 threads. (PWR-602)
****************************************
Report : Averaged Power
	-nosplit
Design : wallace
Version: O-2018.06-SP5
Date   : Thu Apr 30 01:52:04 2020
****************************************



  Attributes
  ----------
      i  -  Including register clock pin internal power
      u  -  User defined power group

                        Internal  Switching  Leakage    Total
Power Group             Power     Power      Power      Power   (     %)  Attrs
--------------------------------------------------------------------------------
clock_network              0.0000    0.0000    0.0000    0.0000 ( 0.00%)  i
register                   0.0000    0.0000    0.0000    0.0000 ( 0.00%)  
combinational           1.004e-04 6.769e-05 2.892e-05 1.970e-04 (100.00%) 
sequential                 0.0000    0.0000    0.0000    0.0000 ( 0.00%)  
memory                     0.0000    0.0000    0.0000    0.0000 ( 0.00%)  
io_pad                     0.0000    0.0000    0.0000    0.0000 ( 0.00%)  
black_box                  0.0000    0.0000    0.0000    0.0000 ( 0.00%)  

  Net Switching Power  = 6.769e-05   (34.36%)
  Cell Internal Power  = 1.004e-04   (50.96%)
  Cell Leakage Power   = 2.892e-05   (14.68%)
                         ---------
Total Power            = 1.970e-04  (100.00%)

1
exit
Information: Defining new variable 'active_design'. (CMD-041)
Information: Defining new variable 'active_design_file'. (CMD-041)

Timing updates: 1 (1 implicit, 0 explicit) (0 incremental, 1 full, 0 logical)
Noise updates: 0 (0 implicit, 0 explicit) (0 incremental, 0 full)
Maximum memory usage for this session: 897.94 MB
CPU usage for this session: 5 seconds 
Elapsed time for this session: 4 seconds
Diagnostics summary: 1 error, 3 warnings, 10 informationals

Thank you for using pt_shell!
